TN:
SF:.buck/types.ts
FNF:1
FNH:1
DA:3,27
LF:4104
LH:1
end_of_record
TN:
SF:buckdb.ts
FNF:20
FNH:12
DA:1,212
DA:3,76
DA:4,162
DA:5,82
DA:6,108
DA:7,92
DA:8,94
DA:9,154
DA:10,106
DA:14,1
DA:15,27
DA:16,158
DA:18,53
DA:19,110
DA:21,0
DA:22,0
DA:23,0
DA:24,0
DA:25,0
DA:26,0
DA:27,0
DA:28,48
DA:30,2
DA:32,84
DA:34,65
DA:35,85
DA:36,73
DA:37,99
DA:38,26
DA:39,96
DA:40,95
DA:41,102
DA:42,38
DA:43,125
DA:44,64
DA:45,9
DA:46,23
DA:47,84
DA:48,43
DA:49,23
DA:51,32
DA:56,43
DA:57,64
DA:58,100
DA:59,34
DA:60,55
DA:61,38
DA:62,107
DA:63,56
DA:64,70
DA:65,9
DA:66,32
DA:67,5
DA:68,24
DA:72,38
DA:73,32
DA:74,24
DA:75,28
DA:76,44
DA:77,60
DA:78,37
DA:79,13
DA:80,84
DA:81,100
DA:82,10
DA:83,78
DA:84,52
DA:85,56
DA:88,23
DA:89,59
DA:90,53
DA:91,9
DA:92,86
DA:93,29
DA:94,9
DA:96,72
DA:97,132
DA:98,133
DA:99,154
DA:100,114
DA:101,12
DA:103,0
DA:104,0
DA:105,0
DA:106,0
DA:107,0
DA:108,0
DA:109,0
DA:110,0
DA:111,0
DA:112,0
DA:113,0
DA:114,0
DA:115,0
DA:116,0
DA:117,0
DA:118,0
DA:119,0
DA:120,94
DA:123,34
DA:124,64
DA:125,89
DA:126,17
DA:127,5
DA:128,50
DA:129,65
DA:131,0
DA:132,0
DA:133,18
DA:135,0
DA:136,0
DA:137,18
DA:140,0
DA:141,0
DA:142,23
DA:144,49
DA:145,50
DA:146,78
DA:147,54
DA:148,36
DA:149,9
DA:150,96
DA:151,94
DA:152,54
DA:153,45
DA:154,59
DA:155,9
DA:156,0
DA:157,0
DA:158,0
DA:159,0
DA:160,0
DA:161,38
DA:163,2
DA:166,80
DA:167,66
DA:168,67
LF:169
LH:102
end_of_record
TN:
SF:demo/src/extract-from-statements.ts
FNF:16
FNH:14
DA:1,33
DA:4,6
DA:5,12
DA:6,12
DA:7,30
DA:8,3
DA:9,41
DA:11,43
DA:12,0
DA:13,2
DA:14,41
DA:16,25
DA:17,18
DA:18,82
DA:19,42
DA:20,64
DA:21,63
DA:23,48
DA:24,120
DA:25,54
DA:26,66
DA:28,135
DA:29,22
DA:30,52
DA:31,118
DA:32,35
DA:33,22
DA:34,0
DA:35,11
DA:36,11
DA:37,6
DA:38,0
DA:39,4
DA:40,25
DA:41,23
DA:42,0
DA:43,0
DA:64,22
DA:65,78
DA:66,16
DA:67,0
DA:68,0
DA:71,22
DA:72,94
DA:73,63
DA:74,60
DA:75,62
DA:76,60
DA:77,90
DA:78,118
DA:79,0
DA:80,0
DA:83,22
DA:84,17
DA:85,21
DA:86,38
DA:87,41
DA:88,63
DA:89,22
DA:90,72
DA:91,54
DA:92,6
DA:93,0
DA:94,0
DA:95,4
DA:97,56
DA:98,112
DA:99,20
DA:100,0
DA:101,0
DA:102,3
DA:104,4
DA:105,26
DA:118,15
DA:119,92
DA:120,28
DA:121,37
DA:124,12
DA:125,62
DA:126,48
DA:127,4
DA:128,43
DA:129,64
DA:130,54
DA:131,40
DA:132,0
DA:133,0
DA:134,0
DA:135,0
DA:136,0
DA:137,0
DA:138,0
DA:140,0
DA:141,0
DA:142,0
DA:143,0
DA:144,0
DA:145,0
DA:148,0
DA:149,0
DA:150,0
DA:151,0
DA:152,0
DA:153,0
DA:154,0
DA:155,0
DA:156,0
DA:157,0
DA:158,0
DA:160,0
DA:161,0
DA:162,0
DA:165,0
DA:166,0
DA:168,0
DA:169,0
DA:170,0
DA:171,0
DA:172,0
DA:173,0
DA:174,0
DA:175,0
DA:176,0
DA:177,0
DA:178,0
DA:179,4
DA:180,4
DA:181,46
DA:183,33
DA:185,41
DA:188,12
DA:189,47
DA:191,35
DA:192,36
DA:195,82
DA:196,42
DA:198,43
DA:201,31
DA:202,29
DA:203,74
DA:204,97
DA:205,0
DA:206,0
DA:207,8
DA:208,72
DA:209,0
DA:210,0
DA:211,8
DA:212,127
DA:213,29
DA:214,6
DA:215,54
DA:216,33
DA:217,6
DA:220,41
DA:221,104
DA:222,144
DA:223,50
DA:224,5
DA:225,8
DA:226,49
DA:227,4
DA:229,5
DA:232,63
DA:234,31
DA:235,39
DA:236,63
DA:237,21
DA:238,56
DA:239,61
DA:240,72
DA:241,61
DA:242,17
DA:243,12
DA:245,6
DA:247,50
DA:248,50
DA:249,6
DA:252,81
DA:253,0
DA:254,0
DA:256,0
DA:257,0
DA:258,0
DA:260,0
DA:261,0
DA:262,0
DA:264,0
DA:266,0
DA:267,0
DA:268,0
DA:269,0
DA:270,0
DA:271,0
DA:273,0
DA:274,0
DA:276,0
DA:277,0
DA:278,0
DA:279,1
DA:281,14
DA:282,38
DA:283,43
DA:286,41
DA:287,23
DA:288,45
DA:289,91
DA:290,42
DA:291,45
DA:292,5
DA:293,12
DA:294,110
DA:295,42
DA:296,69
DA:297,5
DA:298,12
DA:300,110
DA:301,41
DA:302,8
DA:303,10
DA:304,61
DA:306,110
DA:307,41
DA:308,8
DA:309,0
DA:310,11
DA:311,5
DA:312,8
DA:314,77
DA:315,89
DA:316,31
DA:317,34
DA:319,41
DA:320,84
DA:321,44
DA:324,60
DA:325,113
DA:326,130
DA:327,12
DA:329,54
DA:330,97
DA:331,76
DA:333,112
DA:335,121
DA:336,57
DA:337,32
DA:338,123
DA:339,69
DA:340,172
DA:341,82
DA:342,16
DA:343,16
DA:344,12
DA:345,10
DA:346,10
DA:349,34
DA:350,78
DA:351,71
DA:352,126
DA:353,19
DA:354,82
DA:357,55
DA:358,91
DA:359,58
DA:360,168
DA:361,10
DA:362,171
DA:364,120
DA:365,106
DA:367,182
DA:368,60
DA:369,6
DA:370,10
DA:372,4
DA:373,49
DA:375,36
DA:379,0
DA:380,0
DA:381,0
DA:382,0
DA:383,0
DA:384,0
DA:385,0
DA:386,0
DA:387,0
DA:388,0
DA:389,0
DA:390,0
DA:391,0
DA:392,0
DA:393,0
DA:394,0
DA:395,0
DA:396,0
DA:397,0
DA:398,0
DA:399,0
DA:400,0
DA:401,0
DA:402,0
DA:403,0
DA:404,0
DA:405,0
DA:406,0
DA:407,0
DA:408,0
DA:409,0
DA:410,0
DA:411,0
DA:412,0
DA:413,0
DA:414,0
DA:415,0
DA:416,0
DA:417,0
DA:418,0
DA:419,0
DA:420,0
DA:421,0
DA:422,0
DA:423,0
DA:424,0
DA:425,0
DA:426,0
DA:427,0
DA:428,0
DA:430,4
DA:433,99
DA:435,22
DA:439,15
DA:440,92
DA:441,28
DA:442,32
DA:444,12
DA:445,37
DA:446,41
DA:447,71
DA:448,55
DA:449,54
DA:451,28
DA:452,27
DA:454,41
DA:455,41
DA:456,52
DA:457,60
DA:458,92
DA:459,57
DA:460,45
DA:461,45
DA:462,56
DA:463,64
DA:464,12
DA:465,10
DA:466,9
DA:467,8
DA:468,50
DA:469,90
DA:470,89
DA:471,81
DA:472,39
DA:473,4
DA:474,4
DA:475,33
DA:477,20
DA:478,21
LF:480
LH:237
end_of_record
TN:
SF:src/bindings.ts
FNF:5
FNH:2
DA:17,1
DA:18,27
DA:19,41
DA:21,15
DA:22,0
DA:23,0
DA:24,0
DA:25,0
DA:26,0
DA:27,18
DA:29,0
DA:30,0
DA:31,0
DA:32,18
DA:34,0
DA:35,0
DA:36,0
DA:37,0
DA:38,0
DA:39,0
DA:40,0
DA:41,0
DA:42,0
DA:43,0
DA:44,0
DA:45,0
DA:46,0
DA:47,0
DA:48,0
DA:49,0
DA:50,0
DA:51,0
DA:52,0
DA:53,0
DA:54,0
DA:55,0
DA:56,0
DA:57,0
DA:58,0
DA:59,0
DA:60,0
DA:61,0
DA:62,0
DA:63,0
DA:64,0
DA:65,18
DA:67,21
DA:68,50
DA:69,40
DA:70,22
DA:72,1
LF:73
LH:12
end_of_record
TN:
SF:src/build.ts
FNF:60
FNH:38
DA:3,43
DA:4,47
DA:5,56
DA:6,46
DA:7,50
DA:16,24
DA:17,13
DA:18,14
DA:19,18
DA:20,15
DA:21,17
DA:22,13
DA:23,14
DA:24,17
DA:25,14
DA:26,15
DA:27,15
DA:28,14
DA:29,14
DA:30,16
DA:31,12
DA:32,19
DA:33,14
DA:34,11
DA:46,2
DA:50,51
DA:51,63
DA:52,27
DA:53,0
DA:54,4
DA:55,73
DA:56,70
DA:57,4
DA:60,29
DA:61,10
DA:62,41
DA:63,47
DA:64,36
DA:65,60
DA:66,0
DA:67,2
DA:68,89
DA:69,0
DA:70,2
DA:71,40
DA:72,35
DA:73,38
DA:74,30
DA:75,0
DA:76,0
DA:77,6
DA:78,55
DA:79,56
DA:80,126
DA:82,35
DA:83,23
DA:84,146
DA:86,34
DA:88,53
DA:89,50
DA:90,37
DA:91,6
DA:92,47
DA:93,41
DA:94,52
DA:95,44
DA:96,81
DA:97,6
DA:98,6
DA:99,81
DA:100,0
DA:101,6
DA:102,23
DA:103,14
DA:104,6
DA:105,26
DA:106,31
DA:107,6
DA:108,17
DA:110,14
DA:111,10
DA:112,26
DA:113,35
DA:114,37
DA:115,37
DA:116,41
DA:117,37
DA:118,0
DA:119,0
DA:120,0
DA:121,0
DA:122,0
DA:123,0
DA:124,0
DA:125,0
DA:126,7
DA:128,26
DA:129,47
DA:130,41
DA:131,57
DA:132,59
DA:133,10
DA:134,19
DA:135,10
DA:136,45
DA:138,36
DA:139,80
DA:141,27
DA:142,23
DA:143,25
DA:145,29
DA:146,45
DA:147,26
DA:148,8
DA:149,99
DA:150,82
DA:152,27
DA:153,78
DA:155,30
DA:156,54
DA:158,0
DA:159,7
DA:161,20
DA:162,51
DA:163,49
DA:164,0
DA:165,8
DA:166,100
DA:168,27
DA:170,131
DA:172,0
DA:173,0
DA:174,0
DA:175,0
DA:176,0
DA:177,0
DA:178,0
DA:179,0
DA:180,7
DA:182,27
DA:183,132
DA:185,0
DA:186,7
DA:188,23
DA:189,42
DA:191,25
DA:192,43
DA:194,25
DA:195,43
DA:197,0
DA:198,0
DA:199,0
DA:200,7
DA:202,13
DA:203,113
DA:204,19
DA:205,22
DA:206,14
DA:207,17
DA:208,17
DA:209,20
DA:210,20
DA:211,14
DA:212,0
DA:213,7
DA:215,0
DA:216,0
DA:217,7
DA:219,0
DA:220,0
DA:221,0
DA:222,0
DA:223,7
DA:225,43
DA:226,48
DA:228,0
DA:229,4
DA:231,4
DA:234,12
DA:235,8
DA:236,14
DA:237,0
DA:238,0
DA:239,5
DA:245,0
DA:246,0
DA:247,5
DA:249,14
DA:250,23
DA:251,18
DA:252,13
DA:253,23
DA:254,23
DA:255,24
DA:256,19
DA:257,11
DA:258,6
DA:259,6
DA:260,0
DA:261,0
DA:262,0
DA:263,0
DA:264,0
DA:265,0
DA:266,0
DA:267,0
DA:268,0
DA:269,5
DA:270,0
DA:271,0
DA:272,0
DA:273,0
DA:274,0
DA:275,0
DA:276,0
DA:277,0
DA:278,0
DA:279,0
DA:280,0
DA:281,0
DA:282,0
DA:283,0
DA:284,0
DA:285,0
DA:286,0
DA:287,0
DA:288,0
DA:289,0
DA:290,0
DA:291,0
DA:292,0
DA:293,0
DA:294,0
DA:295,0
DA:296,0
DA:297,0
DA:298,0
DA:299,0
DA:300,0
DA:301,0
DA:302,0
DA:303,0
DA:304,0
DA:305,0
DA:306,2
DA:308,2
LF:312
LH:161
end_of_record
TN:
SF:src/build.types.ts
FNF:2
FNH:0
DA:14,0
DA:15,0
DA:16,1
DA:225,0
DA:226,0
DA:227,0
DA:228,0
LF:275
LH:1
end_of_record
TN:
SF:src/copy.ts
FNF:6
FNH:4
DA:5,39
DA:111,1
DA:112,8
DA:113,3
DA:114,12
DA:115,41
DA:117,74
DA:120,30
DA:123,28
DA:125,66
DA:126,6
DA:127,33
DA:129,76
DA:130,6
DA:133,58
DA:135,27
DA:136,0
DA:137,0
DA:138,8
DA:139,57
DA:140,6
DA:141,8
DA:143,43
DA:144,25
DA:145,0
DA:146,47
DA:148,52
DA:149,48
DA:151,57
DA:152,0
DA:154,0
DA:155,7
DA:157,8
DA:160,80
DA:161,84
DA:162,16
DA:163,79
DA:164,0
DA:165,0
DA:166,0
DA:167,0
DA:168,0
DA:169,0
DA:170,0
DA:171,0
DA:172,0
DA:173,0
DA:174,0
DA:175,6
DA:177,3
DA:189,2
DA:191,25
LF:205
LH:36
end_of_record
TN:
SF:src/formalise.ts
FNF:28
FNH:25
DA:2,30
DA:3,33
DA:4,45
DA:6,38
DA:7,19
DA:8,9
DA:9,2
DA:10,24
DA:11,22
DA:12,0
DA:13,2
DA:15,66
DA:17,62
DA:18,36
DA:19,30
DA:20,35
DA:21,13
DA:23,43
DA:24,33
DA:25,35
DA:27,47
DA:28,4
DA:29,42
DA:32,33
DA:33,22
DA:34,51
DA:35,2
DA:36,29
DA:38,30
DA:39,52
DA:40,62
DA:41,2
DA:42,21
DA:44,43
DA:45,55
DA:46,37
DA:48,35
DA:49,58
DA:50,77
DA:51,25
DA:52,0
DA:53,4
DA:54,90
DA:57,108
DA:59,30
DA:60,46
DA:61,34
DA:62,64
DA:63,72
DA:64,13
DA:66,41
DA:67,26
DA:68,10
DA:69,2
DA:70,72
DA:73,24
DA:74,69
DA:75,25
DA:76,10
DA:77,2
DA:78,10
DA:81,0
DA:82,1
DA:85,12
DA:86,55
DA:88,16
DA:89,31
DA:90,30
DA:92,0
DA:93,0
DA:94,0
DA:95,0
DA:96,0
DA:97,0
DA:98,0
DA:99,0
DA:100,0
DA:101,2
DA:103,24
DA:104,11
DA:105,43
DA:106,19
DA:107,52
DA:108,47
DA:109,7
DA:110,51
DA:111,47
DA:112,48
DA:113,7
DA:114,49
DA:115,46
DA:116,41
DA:117,43
DA:118,31
DA:119,20
DA:121,44
DA:122,29
DA:123,80
DA:125,0
DA:126,2
DA:127,15
DA:128,0
DA:129,2
DA:130,13
DA:134,90
LF:135
LH:91
end_of_record
TN:
SF:src/interface-generator.ts
FNF:10
FNH:9
DA:1,28
DA:3,36
DA:32,19
DA:33,21
DA:34,18
DA:35,26
DA:36,20
DA:37,23
DA:39,50
DA:40,34
DA:41,54
DA:42,67
DA:43,27
DA:44,21
DA:45,55
DA:46,60
DA:47,48
DA:48,58
DA:49,26
DA:50,5
DA:51,2
DA:52,2
DA:53,39
DA:55,36
DA:56,30
DA:57,36
DA:58,35
DA:59,33
DA:60,48
DA:61,61
DA:62,32
DA:63,5
DA:64,6
DA:65,6
DA:66,38
DA:67,59
DA:68,32
DA:69,0
DA:70,0
DA:71,0
DA:72,0
DA:73,0
DA:74,4
DA:76,13
DA:77,31
DA:78,48
DA:79,57
DA:80,64
DA:81,119
DA:82,32
DA:83,5
DA:84,0
DA:85,6
DA:86,6
DA:87,36
DA:88,60
DA:89,26
DA:90,0
DA:91,0
DA:92,0
DA:93,0
DA:94,0
DA:95,8
DA:98,85
DA:99,39
DA:100,64
DA:101,2
DA:102,2
DA:103,14
DA:110,16
DA:111,35
DA:112,22
DA:115,33
DA:116,19
DA:117,42
DA:118,84
DA:119,19
DA:120,42
DA:121,3
DA:124,78
DA:127,17
DA:128,65
DA:129,11
DA:130,31
DA:138,14
DA:140,47
DA:143,71
DA:144,47
DA:145,33
DA:146,44
DA:147,66
DA:148,50
DA:149,55
DA:150,29
DA:151,30
DA:152,5
DA:153,6
DA:154,6
DA:155,53
DA:156,98
DA:157,69
DA:158,56
DA:159,71
DA:160,59
DA:161,75
DA:162,8
DA:163,25
DA:164,0
DA:165,0
DA:166,0
DA:168,0
DA:169,0
DA:170,0
DA:172,37
DA:173,0
DA:174,0
DA:175,3
DA:178,69
DA:179,47
DA:180,33
DA:181,44
DA:182,66
DA:183,50
DA:184,55
DA:185,29
DA:186,30
DA:187,5
DA:188,6
DA:189,6
DA:190,53
DA:191,96
DA:192,65
DA:193,54
DA:194,69
DA:195,59
DA:196,75
DA:197,8
DA:198,25
DA:199,0
DA:200,0
DA:201,0
DA:203,0
DA:204,0
DA:205,0
DA:207,40
DA:209,25
DA:210,3
DA:213,26
DA:219,26
DA:220,36
DA:221,136
DA:222,4
DA:223,87
DA:225,33
DA:226,20
DA:228,30
DA:229,54
DA:230,61
DA:231,55
DA:232,59
DA:233,2
DA:234,2
DA:235,14
DA:251,0
DA:252,0
DA:253,0
DA:254,0
DA:255,0
DA:256,0
DA:257,0
DA:258,0
DA:259,0
DA:260,0
DA:270,16
DA:271,35
DA:273,42
DA:274,110
DA:275,1
DA:276,59
DA:277,64
DA:278,83
DA:279,34
DA:281,27
DA:284,28
DA:285,0
DA:286,0
DA:287,6
DA:289,44
DA:291,75
DA:292,79
DA:293,42
DA:294,110
DA:295,13
DA:296,1
DA:297,15
DA:299,39
DA:300,42
DA:301,108
DA:302,1
DA:303,0
DA:305,0
DA:306,0
DA:309,42
DA:311,85
DA:312,42
DA:313,110
DA:314,17
DA:315,1
DA:316,0
DA:319,0
DA:320,0
DA:322,0
DA:324,0
DA:325,0
DA:333,9
DA:334,53
DA:335,17
DA:338,100
DA:341,58
DA:342,61
DA:345,90
DA:346,0
DA:348,0
DA:349,5
DA:353,100
DA:355,87
DA:356,1
DA:362,16
DA:363,225
DA:369,49
DA:370,61
DA:373,71
DA:375,67
DA:376,58
DA:377,39
DA:378,11
DA:379,11
DA:380,15
DA:381,4
DA:383,165
DA:384,73
DA:385,74
LF:432
LH:194
end_of_record
TN:
SF:src/jsep.ts
FNF:70
FNH:57
DA:189,15
DA:193,61
DA:194,114
DA:196,27
DA:197,34
DA:198,41
DA:201,56
DA:202,5
DA:203,27
DA:204,105
DA:205,59
DA:206,86
DA:207,111
DA:208,110
DA:209,62
DA:210,32
DA:211,45
DA:212,15
DA:213,21
DA:217,37
DA:218,66
DA:219,73
DA:220,81
DA:221,77
DA:222,12
DA:223,8
DA:225,2
DA:232,32
DA:233,14
DA:234,25
DA:236,35
DA:237,42
DA:238,50
DA:241,44
DA:242,69
DA:243,136
DA:244,52
DA:245,13
DA:246,76
DA:248,13
DA:249,13
DA:250,58
DA:251,85
DA:252,11
DA:254,2
DA:256,40
DA:258,14
DA:259,30
DA:262,34
DA:263,38
DA:264,40
DA:265,54
DA:266,74
DA:267,36
DA:268,36
DA:269,44
DA:270,46
DA:271,30
DA:272,34
DA:275,36
DA:276,44
DA:277,40
DA:278,40
DA:279,34
DA:280,36
DA:281,36
DA:282,38
DA:283,40
DA:284,38
DA:286,72
DA:287,52
DA:288,52
DA:291,36
DA:292,34
DA:293,34
DA:294,40
DA:295,42
DA:296,40
DA:297,42
DA:298,42
DA:299,42
DA:300,42
DA:301,42
DA:302,42
DA:303,42
DA:304,42
DA:305,40
DA:306,40
DA:307,42
DA:308,42
DA:309,42
DA:310,42
DA:311,41
DA:313,0
DA:314,0
DA:315,0
DA:316,32
DA:318,121
DA:319,140
DA:320,84
DA:321,61
DA:322,80
DA:323,14
DA:324,52
DA:326,43
DA:329,0
DA:330,0
DA:331,32
DA:334,0
DA:335,0
DA:336,32
DA:339,0
DA:340,0
DA:341,0
DA:342,0
DA:343,0
DA:344,32
DA:347,0
DA:348,0
DA:349,0
DA:350,32
DA:353,0
DA:354,0
DA:355,32
DA:358,0
DA:359,0
DA:360,0
DA:361,0
DA:362,0
DA:363,0
DA:364,32
DA:367,0
DA:368,0
DA:369,0
DA:370,32
DA:373,0
DA:374,0
DA:375,32
DA:378,0
DA:379,0
DA:380,22
DA:383,20
DA:384,81
DA:387,20
DA:388,85
DA:391,35
DA:395,42
DA:396,52
DA:400,0
DA:401,50
DA:405,34
DA:406,139
DA:410,34
DA:411,75
DA:413,44
DA:414,91
DA:417,37
DA:418,62
DA:419,50
DA:420,116
DA:421,143
DA:424,36
DA:425,127
DA:428,0
DA:429,0
DA:430,0
DA:431,0
DA:432,18
DA:438,43
DA:439,78
DA:440,73
DA:441,112
DA:442,64
DA:444,93
DA:445,9
DA:446,45
DA:452,34
DA:453,78
DA:454,73
DA:455,106
DA:457,75
DA:458,80
DA:459,42
DA:460,16
DA:462,79
DA:463,5
DA:464,13
DA:467,28
DA:468,46
DA:469,14
DA:470,52
DA:471,48
DA:472,46
DA:473,41
DA:474,14
DA:475,88
DA:476,9
DA:477,68
DA:480,21
DA:481,62
DA:482,86
DA:485,54
DA:486,40
DA:487,9
DA:489,67
DA:490,19
DA:491,7
DA:492,26
DA:493,15
DA:494,10
DA:497,127
DA:498,38
DA:501,64
DA:502,9
DA:504,39
DA:511,53
DA:512,42
DA:513,26
DA:514,26
DA:516,89
DA:517,46
DA:519,135
DA:520,38
DA:521,31
DA:523,78
DA:524,41
DA:525,50
DA:528,104
DA:529,62
DA:530,16
DA:531,11
DA:532,58
DA:533,18
DA:535,37
DA:538,9
DA:540,31
DA:543,32
DA:544,170
DA:545,48
DA:547,100
DA:549,29
DA:558,30
DA:559,48
DA:560,136
DA:561,66
DA:563,51
DA:567,8
DA:568,92
DA:569,74
DA:570,255
DA:572,18
DA:573,58
DA:574,37
DA:575,13
DA:576,88
DA:577,9
DA:578,31
DA:585,38
DA:586,26
DA:587,26
DA:588,26
DA:589,38
DA:590,36
DA:591,26
DA:592,28
DA:593,20
DA:594,34
DA:599,60
DA:600,35
DA:601,27
DA:602,9
DA:603,66
DA:606,53
DA:607,27
DA:608,9
DA:612,66
DA:614,70
DA:615,9
DA:616,220
DA:618,62
DA:620,30
DA:621,57
DA:622,9
DA:624,74
DA:627,95
DA:629,104
DA:631,90
DA:633,40
DA:634,38
DA:635,12
DA:636,13
DA:638,182
DA:641,59
DA:642,71
DA:643,21
DA:644,48
DA:646,147
DA:647,56
DA:648,88
DA:649,54
DA:651,36
DA:652,64
DA:653,84
DA:654,30
DA:655,32
DA:656,52
DA:657,20
DA:658,46
DA:659,13
DA:661,86
DA:663,40
DA:664,63
DA:665,13
DA:667,74
DA:668,9
DA:671,64
DA:673,63
DA:674,66
DA:675,70
DA:677,160
DA:679,97
DA:680,13
DA:682,42
DA:683,60
DA:684,62
DA:685,46
DA:686,50
DA:687,48
DA:688,12
DA:689,9
DA:692,39
DA:698,27
DA:699,22
DA:700,34
DA:701,30
DA:702,26
DA:704,48
DA:705,86
DA:706,33
DA:708,85
DA:709,9
DA:711,38
DA:713,125
DA:715,73
DA:716,9
DA:718,125
DA:720,76
DA:721,84
DA:722,60
DA:723,27
DA:724,130
DA:725,62
DA:727,55
DA:731,8
DA:732,90
DA:733,74
DA:734,255
DA:736,22
DA:737,62
DA:738,92
DA:739,42
DA:740,54
DA:741,21
DA:743,96
DA:744,66
DA:745,62
DA:746,42
DA:747,44
DA:748,13
DA:749,17
DA:751,92
DA:752,13
DA:754,81
DA:755,94
DA:756,44
DA:757,115
DA:758,116
DA:760,89
DA:761,44
DA:762,66
DA:763,68
DA:765,90
DA:766,56
DA:767,24
DA:768,17
DA:770,93
DA:771,39
DA:772,14
DA:773,88
DA:774,64
DA:775,20
DA:778,35
DA:780,101
DA:781,9
DA:783,84
DA:785,103
DA:791,43
DA:792,48
DA:794,46
DA:795,239
DA:796,38
DA:797,75
DA:798,136
DA:799,14
DA:800,9
DA:801,24
DA:802,24
DA:803,28
DA:804,21
DA:805,13
DA:806,38
DA:808,75
DA:809,106
DA:810,48
DA:811,57
DA:812,17
DA:813,36
DA:814,64
DA:815,48
DA:816,50
DA:817,46
DA:818,60
DA:819,20
DA:821,56
DA:822,46
DA:823,68
DA:824,38
DA:825,17
DA:826,38
DA:827,88
DA:829,36
DA:830,60
DA:831,120
DA:832,40
DA:833,16
DA:834,112
DA:835,38
DA:836,21
DA:837,17
DA:838,56
DA:839,36
DA:840,64
DA:841,48
DA:842,52
DA:843,46
DA:844,82
DA:845,16
DA:846,14
DA:848,36
DA:850,77
DA:851,29
DA:852,7
DA:853,13
DA:855,52
DA:856,38
DA:857,9
DA:859,29
DA:866,36
DA:868,64
DA:870,159
DA:871,89
DA:872,38
DA:873,31
DA:874,103
DA:876,9
DA:878,85
DA:879,94
DA:881,95
DA:882,94
DA:883,9
DA:884,9
DA:886,38
DA:888,66
DA:889,47
DA:890,21
DA:892,39
DA:893,47
DA:894,7
DA:896,48
DA:897,47
DA:898,7
DA:900,73
DA:901,72
DA:902,5
DA:903,9
DA:905,46
DA:908,78
DA:909,16
DA:910,48
DA:911,24
DA:912,6
DA:913,221
DA:914,41
DA:915,10
DA:917,28
DA:918,50
DA:919,52
DA:920,64
DA:921,30
DA:922,10
DA:925,71
DA:930,35
DA:931,34
DA:932,68
DA:933,98
DA:934,46
DA:936,89
DA:937,92
DA:939,53
DA:940,44
DA:941,17
DA:942,55
DA:944,44
DA:945,28
DA:946,16
DA:947,43
DA:948,21
DA:949,16
DA:950,43
DA:951,21
DA:952,16
DA:953,42
DA:954,21
DA:955,16
DA:956,42
DA:957,21
DA:958,16
DA:959,43
DA:960,21
DA:961,16
DA:962,43
DA:963,36
DA:965,25
DA:967,31
DA:968,42
DA:970,9
DA:972,32
DA:973,58
DA:974,9
DA:976,28
DA:977,50
DA:978,34
DA:979,52
DA:980,104
DA:981,9
DA:990,32
DA:991,86
DA:993,77
DA:994,34
DA:995,14
DA:996,56
DA:999,89
DA:1000,42
DA:1002,79
DA:1003,38
DA:1004,31
DA:1005,26
DA:1007,9
DA:1008,28
DA:1009,56
DA:1010,88
DA:1011,9
DA:1022,53
DA:1023,40
DA:1024,46
DA:1025,56
DA:1027,89
DA:1028,52
DA:1029,54
DA:1031,69
DA:1032,44
DA:1033,42
DA:1035,192
DA:1036,80
DA:1037,17
DA:1039,17
DA:1040,90
DA:1041,42
DA:1042,52
DA:1044,84
DA:1045,51
DA:1046,48
DA:1047,2
DA:1048,56
DA:1050,28
DA:1052,76
DA:1053,27
DA:1054,32
DA:1055,28
DA:1056,11
DA:1057,9
DA:1058,13
DA:1059,145
DA:1061,40
DA:1062,31
DA:1063,90
DA:1065,94
DA:1066,42
DA:1067,17
DA:1069,54
DA:1071,9
DA:1073,32
DA:1074,68
DA:1075,9
DA:1077,29
DA:1088,27
DA:1089,34
DA:1090,114
DA:1091,85
DA:1092,38
DA:1093,65
DA:1094,60
DA:1095,91
DA:1096,64
DA:1097,17
DA:1098,29
DA:1099,59
DA:1100,48
DA:1101,31
DA:1102,36
DA:1103,68
DA:1104,52
DA:1105,14
DA:1107,14
DA:1108,41
DA:1117,27
DA:1118,34
DA:1120,28
DA:1121,54
DA:1122,104
DA:1123,8
DA:1125,2
DA:1128,48
DA:1129,44
DA:1130,16
DA:1131,58
DA:1137,46
DA:1138,74
DA:1139,54
DA:1140,66
DA:1141,42
DA:1142,58
DA:1143,58
DA:1144,62
DA:1145,66
DA:1146,62
DA:1147,114
DA:1148,76
DA:1149,76
DA:1151,28
DA:1152,28
DA:1153,28
DA:1154,34
DA:1155,36
DA:1156,34
DA:1157,36
DA:1158,36
DA:1159,36
DA:1160,36
DA:1161,36
DA:1162,36
DA:1163,36
DA:1164,36
DA:1165,34
DA:1166,34
DA:1167,38
DA:1168,38
DA:1169,36
DA:1170,36
DA:1171,36
DA:1177,32
DA:1178,22
DA:1179,24
DA:1180,22
DA:1181,22
DA:1182,16
DA:1183,8
DA:1188,34
DA:1189,24
DA:1190,24
DA:1191,24
DA:1192,22
DA:1193,22
DA:1194,22
DA:1195,24
DA:1196,24
DA:1197,26
DA:1198,26
DA:1199,22
DA:1200,22
DA:1201,24
DA:1202,24
DA:1203,20
DA:1204,24
DA:1205,24
DA:1206,26
DA:1207,22
DA:1208,22
DA:1209,24
DA:1210,24
DA:1211,24
DA:1212,20
DA:1213,8
DA:1216,74
DA:1219,102
DA:1224,30
DA:1225,30
DA:1226,34
DA:1227,24
DA:1229,8
DA:1232,34
DA:1233,6
DA:1234,108
DA:1235,112
DA:1237,88
DA:1239,96
DA:1241,50
DA:1242,35
DA:1244,28
DA:1246,117
DA:1247,113
DA:1248,42
DA:1249,60
DA:1250,102
DA:1252,44
DA:1253,47
DA:1254,17
DA:1256,56
DA:1258,91
DA:1259,46
DA:1260,104
DA:1262,44
DA:1263,49
DA:1264,21
DA:1265,48
DA:1266,68
DA:1267,34
DA:1268,46
DA:1269,38
DA:1270,24
DA:1274,145
DA:1275,62
DA:1276,176
DA:1278,36
DA:1279,25
DA:1280,84
DA:1282,74
DA:1283,52
DA:1284,17
DA:1285,18
DA:1286,51
DA:1288,10
DA:1289,11
DA:1291,4
DA:1293,46
DA:1294,31
DA:1296,28
DA:1298,76
DA:1303,125
DA:1304,52
DA:1305,89
DA:1306,78
DA:1307,42
DA:1309,56
DA:1310,82
DA:1311,23
DA:1313,45
DA:1314,32
DA:1317,60
DA:1318,31
DA:1319,65
DA:1320,13
DA:1321,26
DA:1322,30
DA:1323,27
DA:1324,27
DA:1325,14
DA:1326,17
DA:1327,9
DA:1328,17
DA:1329,62
DA:1330,10
DA:1331,12
DA:1334,118
DA:1335,75
DA:1336,11
DA:1339,59
DA:1340,93
DA:1342,95
DA:1344,97
DA:1345,77
DA:1346,96
DA:1347,80
DA:1348,80
DA:1349,22
DA:1350,18
DA:1351,20
DA:1354,143
DA:1355,66
DA:1356,74
DA:1357,131
DA:1358,86
DA:1359,169
DA:1360,122
DA:1361,21
DA:1363,64
DA:1364,66
DA:1365,72
DA:1366,74
DA:1367,13
DA:1368,17
DA:1371,4
DA:1373,76
DA:1374,56
DA:1376,48
DA:1377,33
DA:1379,27
DA:1382,57
DA:1383,89
DA:1384,42
DA:1385,60
DA:1387,97
DA:1388,60
DA:1389,97
DA:1390,50
DA:1392,62
DA:1393,62
DA:1394,44
DA:1395,28
DA:1396,114
DA:1397,23
DA:1398,21
DA:1401,92
DA:1402,45
DA:1403,32
DA:1404,21
DA:1406,60
DA:1407,231
DA:1409,62
DA:1410,58
DA:1411,60
DA:1412,36
DA:1413,50
DA:1414,54
DA:1415,26
DA:1416,108
DA:1417,50
DA:1418,100
DA:1420,38
DA:1421,58
DA:1422,25
DA:1423,114
DA:1424,62
DA:1425,58
DA:1426,46
DA:1427,31
DA:1429,35
DA:1430,35
DA:1431,40
DA:1432,56
DA:1433,30
DA:1434,60
DA:1435,3
DA:1436,53
DA:1438,62
DA:1439,22
DA:1441,95
DA:1442,46
DA:1443,17
DA:1444,9
DA:1445,35
DA:1446,18
DA:1449,117
DA:1451,4
DA:1453,46
DA:1454,31
DA:1456,28
DA:1459,114
DA:1460,89
DA:1461,84
DA:1463,60
DA:1464,97
DA:1466,80
DA:1468,129
DA:1469,140
DA:1471,54
DA:1472,109
DA:1473,74
DA:1474,8
DA:1475,58
DA:1476,56
DA:1477,51
DA:1478,34
DA:1479,66
DA:1480,47
DA:1481,50
DA:1483,25
DA:1485,44
DA:1486,38
DA:1487,96
DA:1488,25
DA:1489,41
DA:1490,41
DA:1491,24
DA:1492,98
DA:1496,70
DA:1497,66
DA:1498,40
DA:1500,76
DA:1501,124
DA:1502,28
DA:1503,70
DA:1507,122
DA:1508,23
DA:1509,21
DA:1511,101
DA:1512,52
DA:1513,39
DA:1514,105
DA:1515,58
DA:1516,144
DA:1517,60
DA:1518,26
DA:1519,63
DA:1521,9
DA:1522,40
DA:1523,10
DA:1524,11
DA:1526,4
DA:1528,56
DA:1529,41
DA:1531,28
DA:1536,108
DA:1537,189
DA:1538,48
DA:1539,98
DA:1540,40
DA:1541,57
DA:1542,17
DA:1543,44
DA:1544,64
DA:1545,32
DA:1546,16
DA:1547,10
DA:1548,11
DA:1550,4
DA:1552,124
DA:1553,86
DA:1554,86
DA:1556,74
DA:1557,59
DA:1559,27
DA:1561,98
DA:1562,87
DA:1563,48
DA:1564,66
DA:1565,42
DA:1566,46
DA:1567,20
DA:1568,48
DA:1569,42
DA:1570,54
DA:1571,80
DA:1572,82
DA:1574,69
DA:1575,54
DA:1576,70
DA:1577,44
DA:1578,36
DA:1579,36
DA:1580,28
DA:1581,44
DA:1582,24
DA:1583,83
DA:1586,42
DA:1588,77
DA:1589,74
DA:1590,96
DA:1592,57
DA:1593,110
DA:1594,50
DA:1595,52
DA:1596,48
DA:1599,98
DA:1602,79
DA:1604,108
DA:1605,25
DA:1607,33
DA:1608,158
DA:1609,110
DA:1610,48
DA:1612,56
DA:1614,158
DA:1615,86
DA:1616,43
DA:1617,25
DA:1618,50
DA:1621,42
DA:1622,44
DA:1623,39
DA:1624,50
DA:1625,48
DA:1626,43
DA:1627,57
DA:1628,15
DA:1629,65
DA:1630,43
DA:1631,22
DA:1632,31
DA:1633,27
DA:1634,22
DA:1635,33
DA:1636,27
DA:1637,22
DA:1638,33
DA:1639,27
DA:1640,22
DA:1641,33
DA:1642,27
DA:1643,22
DA:1644,33
DA:1645,27
DA:1646,22
DA:1647,33
DA:1648,27
DA:1649,22
DA:1650,32
DA:1651,27
DA:1652,22
DA:1653,32
DA:1654,27
DA:1655,23
DA:1656,33
DA:1657,48
DA:1661,32
DA:1662,33
DA:1664,43
DA:1665,75
DA:1666,54
DA:1667,64
DA:1670,9
DA:1671,36
DA:1672,13
DA:1673,26
DA:1677,121
DA:1679,97
DA:1680,12
DA:1683,124
DA:1685,254
DA:1686,29
DA:1688,73
DA:1690,23
DA:1692,63
DA:1693,9
DA:1695,30
DA:1696,43
DA:1697,14
DA:1698,13
DA:1699,10
DA:1700,30
DA:1703,54
DA:1706,10
DA:1707,11
DA:1709,4
DA:1710,172
DA:1712,90
DA:1713,128
DA:1714,64
DA:1715,150
DA:1716,35
DA:1717,38
DA:1718,6
DA:1719,34
DA:1720,39
LF:1721
LH:1039
end_of_record
TN:
SF:src/parser.ts
FNF:49
FNH:43
DA:2,26
DA:3,96
DA:4,40
DA:6,40
DA:7,24
DA:8,28
DA:9,24
DA:10,24
DA:11,27
DA:12,3
DA:14,35
DA:15,20
DA:16,15
DA:17,13
DA:18,13
DA:19,11
DA:20,2
DA:22,0
DA:23,0
DA:24,0
DA:25,0
DA:26,1
DA:29,30
DA:30,14
DA:31,15
DA:32,15
DA:33,16
DA:34,21
DA:35,13
DA:36,13
DA:37,13
DA:38,13
DA:39,13
DA:40,16
DA:41,15
DA:42,13
DA:43,13
DA:44,15
DA:45,15
DA:46,13
DA:47,2
DA:48,16
DA:49,33
DA:50,0
DA:51,2
DA:52,35
DA:55,34
DA:56,33
DA:57,14
DA:58,2
DA:59,46
DA:60,31
DA:62,31
DA:63,0
DA:64,4
DA:65,55
DA:66,53
DA:67,4
DA:68,60
DA:69,26
DA:70,4
DA:71,27
DA:72,5
DA:75,38
DA:76,41
DA:78,10
DA:79,15
DA:81,42
DA:82,66
DA:83,2
DA:85,64
DA:89,42
DA:91,67
DA:92,24
DA:93,2
DA:96,68
DA:97,70
DA:100,39
DA:101,40
DA:104,1
DA:105,6
DA:106,13
DA:107,3
DA:108,39
DA:110,79
DA:111,25
DA:112,0
DA:113,4
DA:114,43
DA:115,2
DA:118,19
DA:121,48
DA:122,33
DA:123,11
DA:124,0
DA:125,4
DA:127,58
DA:128,86
DA:129,4
DA:132,23
DA:133,52
DA:136,87
DA:137,35
DA:138,15
DA:139,27
DA:141,2
DA:142,2
DA:145,33
DA:154,46
DA:155,41
DA:156,80
DA:158,22
DA:159,16
DA:160,65
DA:162,16
DA:163,96
DA:165,0
DA:166,6
DA:168,16
DA:169,32
DA:170,39
DA:171,54
DA:172,11
DA:173,12
DA:174,16
DA:175,61
DA:176,16
DA:177,55
DA:178,0
DA:179,65
DA:180,99
DA:181,19
DA:182,100
DA:184,8
DA:185,22
DA:187,16
DA:188,13
DA:189,70
DA:190,131
DA:191,37
DA:192,8
DA:193,28
DA:194,47
DA:195,8
DA:196,237
DA:197,29
DA:198,28
DA:199,49
DA:200,50
DA:201,29
DA:202,12
DA:203,26
DA:204,8
DA:205,40
DA:206,111
DA:208,75
DA:210,16
DA:211,20
DA:212,44
DA:213,35
DA:214,82
DA:215,68
DA:216,25
DA:217,8
DA:218,35
DA:219,13
DA:220,8
DA:221,66
DA:222,58
DA:223,8
DA:224,46
DA:225,45
DA:226,44
DA:227,8
DA:228,21
DA:230,16
DA:231,147
DA:232,79
DA:233,8
DA:234,74
DA:235,59
DA:237,101
DA:240,53
DA:241,63
DA:242,106
DA:243,28
DA:245,71
DA:246,27
DA:247,12
DA:248,58
DA:249,55
DA:250,60
DA:251,48
DA:252,12
DA:253,10
DA:254,8
DA:255,8
DA:256,52
DA:257,50
DA:259,43
DA:260,58
DA:261,73
DA:262,94
DA:263,10
DA:264,94
DA:265,8
DA:266,43
DA:267,68
DA:268,141
DA:269,62
DA:270,10
DA:271,122
DA:272,86
DA:273,10
DA:274,68
DA:275,8
DA:276,35
DA:277,67
DA:278,100
DA:279,8
DA:281,119
DA:282,103
DA:283,47
DA:284,8
DA:285,190
DA:286,58
DA:287,18
DA:288,0
DA:289,10
DA:290,38
DA:291,8
DA:292,145
DA:293,21
DA:294,8
DA:296,60
DA:298,16
DA:299,38
DA:300,52
DA:301,8
DA:302,105
DA:303,0
DA:304,8
DA:305,239
DA:306,70
DA:307,0
DA:308,6
DA:310,16
DA:311,38
DA:312,76
DA:313,8
DA:314,79
DA:315,94
DA:316,8
DA:318,63
DA:319,49
DA:320,8
DA:321,128
DA:322,44
DA:323,8
DA:326,107
DA:327,42
DA:329,0
DA:330,6
DA:332,0
DA:333,6
DA:335,16
DA:336,37
DA:337,84
DA:338,53
DA:339,10
DA:340,77
DA:341,48
DA:342,10
DA:343,40
DA:345,20
DA:346,127
DA:348,16
DA:349,56
DA:351,0
DA:352,6
DA:354,16
DA:355,65
DA:356,97
DA:359,6
DA:361,28
DA:362,0
DA:363,0
DA:364,0
DA:365,0
DA:366,4
DA:368,33
DA:370,27
DA:374,0
DA:375,2
DA:377,32
DA:378,24
DA:380,29
DA:381,47
DA:383,44
DA:384,18
DA:385,95
DA:386,93
DA:387,77
DA:388,75
DA:389,6
DA:390,4
DA:391,38
DA:392,49
DA:393,6
DA:394,4
DA:396,31
DA:397,50
DA:398,6
DA:399,0
DA:401,0
DA:402,0
DA:403,0
DA:404,0
DA:405,2
DA:407,19
DA:408,15
DA:411,46
DA:415,43
DA:416,0
DA:417,2
DA:418,34
DA:423,29
DA:424,63
DA:425,26
DA:426,43
DA:427,64
DA:428,18
DA:431,40
DA:432,24
DA:433,0
DA:434,2
DA:436,45
DA:437,23
DA:438,31
DA:439,21
DA:440,11
DA:441,32
DA:442,31
DA:443,7
DA:444,5
DA:445,4
DA:446,2
DA:447,47
DA:448,0
DA:449,2
DA:450,100
DA:451,99
DA:452,31
DA:455,42
DA:456,82
DA:459,29
DA:460,59
DA:461,26
DA:462,43
DA:463,24
DA:464,28
DA:465,0
DA:466,2
DA:467,36
DA:468,0
DA:469,2
DA:470,61
DA:471,36
DA:473,49
DA:474,26
DA:475,4
DA:476,47
DA:477,22
DA:478,0
DA:479,2
DA:480,42
DA:481,43
DA:483,43
DA:484,66
DA:486,47
DA:487,35
DA:488,0
DA:489,6
DA:490,69
DA:491,1
DA:492,82
DA:493,65
DA:494,10
DA:495,47
DA:496,44
DA:497,50
DA:498,1
DA:499,11
DA:500,53
LF:503
LH:361
end_of_record
TN:
SF:src/readers.ts
FNF:9
FNH:0
DA:2,46
DA:289,0
DA:290,0
DA:291,0
DA:292,0
DA:293,0
DA:294,0
DA:295,0
DA:296,0
DA:297,0
DA:298,2
DA:301,22
DA:302,12
DA:303,13
DA:304,21
DA:305,16
DA:306,14
DA:307,16
DA:308,13
DA:309,11
DA:310,2
DA:311,38
DA:312,40
DA:313,56
DA:314,46
DA:315,42
DA:316,46
DA:317,40
DA:318,39
LF:328
LH:20
end_of_record
TN:
SF:src/serializer.ts
FNF:2
FNH:0
DA:84,0
DA:85,0
DA:86,0
DA:87,0
DA:88,0
DA:89,0
DA:90,0
DA:91,0
DA:92,0
DA:93,0
DA:94,0
DA:95,0
DA:96,0
DA:97,0
DA:98,0
DA:99,0
DA:100,0
DA:101,0
DA:102,0
DA:103,0
DA:104,0
DA:105,0
DA:106,0
DA:107,0
DA:108,0
DA:109,0
DA:110,0
DA:111,1
DA:113,0
DA:114,0
DA:115,0
LF:220
LH:1
end_of_record
TN:
SF:src/typedef.ts
FNF:10
FNH:6
DA:3,26
DA:4,21
DA:5,16
DA:6,23
DA:7,25
DA:8,18
DA:9,2
DA:11,26
DA:12,16
DA:13,23
DA:14,25
DA:15,18
DA:16,2
DA:18,24
DA:19,14
DA:20,21
DA:21,23
DA:22,17
DA:23,2
DA:24,25
DA:25,15
DA:26,22
DA:27,24
DA:28,30
DA:29,2
DA:30,23
DA:31,13
DA:32,20
DA:33,22
DA:34,30
DA:35,2
DA:36,23
DA:37,13
DA:38,20
DA:39,22
DA:40,19
DA:42,2
DA:43,23
DA:44,13
DA:45,20
DA:46,22
DA:47,16
DA:49,2
DA:50,23
DA:51,13
DA:52,20
DA:53,22
DA:54,16
DA:56,2
DA:57,22
DA:58,12
DA:59,19
DA:60,21
DA:61,27
DA:63,2
DA:64,24
DA:65,14
DA:66,21
DA:67,23
DA:68,15
DA:69,2
DA:70,22
DA:71,12
DA:72,19
DA:73,21
DA:74,15
DA:75,2
DA:77,27
DA:78,11
DA:79,11
DA:80,9
DA:81,10
DA:82,8
DA:83,8
DA:84,8
DA:85,8
DA:86,7
DA:87,9
DA:88,5
DA:89,2
DA:91,35
DA:92,15
DA:93,31
DA:94,28
DA:95,54
DA:96,101
DA:97,59
DA:98,28
DA:99,26
DA:100,43
DA:101,25
DA:102,26
DA:103,54
DA:104,17
DA:107,0
DA:108,0
DA:109,0
DA:110,0
DA:111,0
DA:112,0
DA:113,0
DA:114,0
DA:115,0
DA:116,0
DA:117,0
DA:118,0
DA:119,0
DA:120,0
DA:121,0
DA:122,0
DA:123,0
DA:124,0
DA:125,0
DA:126,0
DA:127,0
DA:128,0
DA:129,0
DA:130,0
DA:131,0
DA:132,0
DA:133,0
DA:134,0
DA:135,0
DA:136,0
DA:137,0
DA:138,0
DA:139,0
DA:140,0
DA:141,0
DA:142,0
DA:143,2
DA:147,27
DA:148,19
DA:149,22
DA:150,21
DA:151,18
DA:152,2
DA:153,100
DA:156,29
DA:157,14
DA:158,17
DA:159,25
DA:160,43
DA:161,2
DA:164,33
DA:165,51
DA:167,53
DA:169,62
DA:171,51
DA:173,80
DA:175,126
DA:176,63
DA:177,131
DA:178,2
DA:179,374
DA:181,39
DA:182,51
DA:183,10
DA:184,15
DA:185,16
DA:186,15
DA:187,1
DA:188,3
DA:190,52
DA:192,39
DA:196,23
DA:198,15
DA:199,2
DA:201,39
DA:202,22
DA:203,26
DA:207,24
DA:208,23
DA:209,28
DA:210,20
DA:215,29
DA:216,29
DA:217,26
DA:218,29
DA:219,21
DA:220,17
DA:221,19
DA:222,19
DA:223,21
DA:224,24
DA:225,23
DA:226,25
DA:227,24
DA:228,29
DA:229,23
DA:230,23
DA:231,21
DA:232,20
DA:233,15
DA:234,19
DA:235,19
DA:236,2
DA:237,36
DA:238,3
DA:240,33
DA:241,35
DA:242,10
DA:243,8
DA:244,35
DA:245,49
DA:246,13
DA:247,2
DA:252,112
LF:253
LH:172
end_of_record
TN:
SF:src/utils.ts
FNF:9
FNH:6
DA:1,54
DA:2,60
DA:3,0
DA:4,2
DA:5,35
DA:8,61
DA:9,35
DA:10,66
DA:11,0
DA:12,4
DA:13,36
DA:14,21
DA:15,2
DA:16,2
DA:17,12
DA:20,0
DA:21,2
DA:24,0
DA:25,2
DA:28,0
DA:29,2
DA:32,39
DA:33,17
DA:34,26
DA:35,26
DA:36,2
DA:37,12
DA:48,38
DA:49,38
DA:50,30
DA:51,24
DA:52,12
DA:53,5
DA:56,60
LF:56
LH:29
end_of_record
